<?xml version="1.0" encoding="UTF-8"?>
<!-- Generated by org.testng.reporters.JUnitReportReporter -->
<testsuite hostname="BDC11-L-115FVQ7" failures="0" tests="1" name="testcases.Tc_Login" time="1.825" errors="0" timestamp="2024-12-24T11:15:26 IST" skipped="0">
  <testcase classname="testcases.Tc_Login" name="login_validation" time="1.825"/>
</testsuite> <!-- testcases.Tc_Login -->
